[2.0, 4]
['Hello', 4, 9.8, 'a', 5.0]
[2.0, 4, 9, 9.8, 'WorldWorldWorld', 'a', 'abc', 5.0, 81]
['Hello', 4, 9.8, 'a', 5.0]
[2.0, 9.8, 'abc', 'aaa']
['WorldWorldWorld', 'a', 'abc', 5.0, 81, 'aaa']
['Hello', 2.0, 4, 9, 9.8, 'WorldWorldWorld', 'a', 'abc', 5.0, 81]
['Hello', 9, 'a', 81]
['Hello', 2.0, 4, 9, 9.8, 'WorldWorldWorld', 'a', 'abc', 5.0, 81, 'aaa']
[2.0, 4, 9, 9.8, 'WorldWorldWorld', 'a', 'abc', 5.0, 81]
[4, 9]
[2.0, 4, 9, 9.8]
[]
['WorldWorldWorld', 9.8, 9, 4, 2.0]
['aaa', 5.0, 'a', 9.8, 4]
[]
['WorldWorldWorld', 4]
['aaa', 81, 5.0, 'abc', 'a', 'WorldWorldWorld', 9.8, 9, 4, 2.0, 'Hello']
[9.8, 9, 4, 2.0]
['aaa', 81, 5.0, 'abc', 'a', 'WorldWorldWorld', 9.8, 9, 4]
[]
['aaa', 5.0, 'a', 9.8, 4]
['aaa', 5.0, 'a', 9.8, 4]
['a', 9, 'Hello']
[4, 9.8, 'a', 5.0]
[2.0, 4, 9, 9.8, 'WorldWorldWorld', 'a', 'abc', 5.0, 81]
['Hello', 2.0, 4, 9, 9.8, 'WorldWorldWorld', 'a', 'abc', 5.0, 81]
[2.0, 4, 9, 9.8, 'WorldWorldWorld', 'a', 'abc', 5.0, 81, 'aaa']
['WorldWorldWorld', 'a', 'abc', 5.0]
[]
[]
